<?xml version="1.0" encoding="UTF-8"?>
<!-- Generated by org.testng.reporters.JUnitReportReporter -->
<testsuite skipped="0" hostname="Sai" name="com.utility.ExcelUtility" tests="1" failures="0" timestamp="10 Oct 2021 13:08:32 GMT" time="1.128" errors="0">
  <testcase name="test" time="1.128" classname="com.utility.ExcelUtility"/>
</testsuite> <!-- com.utility.ExcelUtility -->
